2018-08-30 00:35:57 -0700 IMDPersistenceAgent[435]: Created table (if needed) ok: deleted_messages
2018-08-30 00:35:57 -0700 IMDPersistenceAgent[435]: Created table (if needed) ok: chat_handle_join
2018-08-30 00:35:57 -0700 IMDPersistenceAgent[435]: Created table (if needed) ok: chat_message_join
2018-08-30 00:35:57 -0700 IMDPersistenceAgent[435]: Created table (if needed) ok: message_attachment_join
2018-08-30 00:35:57 -0700 IMDPersistenceAgent[435]: Created table (if needed) ok: handle
2018-08-30 00:35:57 -0700 IMDPersistenceAgent[435]: Created index ok: chat_handle_join_idx_handle_id
2018-08-30 00:35:57 -0700 IMDPersistenceAgent[435]: Created index ok: message_idx_is_read
2018-08-30 00:35:57 -0700 IMDPersistenceAgent[435]: Created index ok: chat_message_join_idx_chat_id
2018-08-30 00:35:57 -0700 IMDPersistenceAgent[435]: Created index ok: chat_idx_is_archived
2018-08-30 00:35:57 -0700 IMDPersistenceAgent[435]: Created index ok: chat_idx_chat_room_name_service_name
2018-08-30 00:35:57 -0700 IMDPersistenceAgent[435]: Created index ok: message_idx_handle_id
2018-08-30 00:35:57 -0700 IMDPersistenceAgent[435]: Created index ok: chat_message_join_idx_message_id
2018-08-30 00:35:57 -0700 IMDPersistenceAgent[435]: Created index ok: chat_idx_chat_identifier
2018-08-30 00:35:57 -0700 IMDPersistenceAgent[435]: Created index ok: chat_message_join_idx_message_id_only
2018-08-30 00:35:57 -0700 IMDPersistenceAgent[435]: Created index ok: message_idx_failed
2018-08-30 00:35:57 -0700 IMDPersistenceAgent[435]: Created index ok: message_idx_associated_message
2018-08-30 00:35:57 -0700 IMDPersistenceAgent[435]: Created index ok: message_idx_handle
2018-08-30 00:35:57 -0700 IMDPersistenceAgent[435]: Created index ok: message_attachment_join_idx_attachment_id
2018-08-30 00:35:57 -0700 IMDPersistenceAgent[435]: Created index ok: message_idx_date
2018-08-30 00:35:57 -0700 IMDPersistenceAgent[435]: Created index ok: message_idx_expire_state
2018-08-30 00:35:57 -0700 IMDPersistenceAgent[435]: Created index ok: chat_idx_chat_identifier_service_name
2018-08-30 00:35:57 -0700 IMDPersistenceAgent[435]: Created index ok: message_idx_other_handle
2018-08-30 00:35:57 -0700 IMDPersistenceAgent[435]: Created index ok: message_attachment_join_idx_message_id
2018-08-30 00:35:57 -0700 IMDPersistenceAgent[435]: Created index ok: message_idx_was_downgraded
2018-08-30 00:35:57 -0700 IMDPersistenceAgent[435]: Created trigger ok: after_insert_on_message_attachment_join
2018-08-30 00:35:57 -0700 IMDPersistenceAgent[435]: Created trigger ok: after_delete_on_chat_message_join
2018-08-30 00:35:57 -0700 IMDPersistenceAgent[435]: Created trigger ok: after_delete_on_attachment
2018-08-30 00:35:57 -0700 IMDPersistenceAgent[435]: Created trigger ok: after_delete_on_message_attachment_join
2018-08-30 00:35:57 -0700 IMDPersistenceAgent[435]: Created trigger ok: add_to_deleted_messages
2018-08-30 00:35:57 -0700 IMDPersistenceAgent[435]: Created trigger ok: after_delete_on_chat
2018-08-30 00:35:57 -0700 IMDPersistenceAgent[435]: Created trigger ok: before_delete_on_attachment
2018-08-30 00:35:57 -0700 IMDPersistenceAgent[435]: Created trigger ok: after_delete_on_chat_handle_join
2018-08-30 00:35:57 -0700 IMDPersistenceAgent[435]: Created trigger ok: delete_associated_messages_after_delete_on_message
2018-08-30 00:35:57 -0700 IMDPersistenceAgent[435]: Created trigger ok: after_delete_on_message
2018-08-30 00:35:57 -0700 IMDPersistenceAgent[435]: Created trigger ok: after_insert_on_chat_message_join 
2018-08-30 16:15:10 +0530 IMDPersistenceAgent[348]: The current SMS database is v10013.  The current schema version is v11027. Can be migrated: YES
2018-08-30 16:15:10 +0530 IMDPersistenceAgent[348]: Beginning migration.  The SMS db is currently at v10013, upgrading to v11027.
2018-08-30 16:15:10 +0530 IMDPersistenceAgent[348]: Integrity checked success
2018-08-30 16:15:10 +0530 IMDPersistenceAgent[348]: Initial Integrity checked success
2018-08-30 16:15:10 +0530 IMDPersistenceAgent[348]: Dropped trigger: after_insert_on_message_attachment_join
2018-08-30 16:15:10 +0530 IMDPersistenceAgent[348]: Dropped trigger: after_delete_on_chat_message_join
2018-08-30 16:15:10 +0530 IMDPersistenceAgent[348]: Dropped trigger: after_delete_on_attachment
2018-08-30 16:15:10 +0530 IMDPersistenceAgent[348]: Dropped trigger: after_delete_on_message_attachment_join
2018-08-30 16:15:10 +0530 IMDPersistenceAgent[348]: Dropped trigger: add_to_deleted_messages
2018-08-30 16:15:10 +0530 IMDPersistenceAgent[348]: Dropped trigger: after_delete_on_chat
2018-08-30 16:15:10 +0530 IMDPersistenceAgent[348]: Dropped trigger: before_delete_on_attachment
2018-08-30 16:15:10 +0530 IMDPersistenceAgent[348]: Dropped trigger: after_delete_on_chat_handle_join
2018-08-30 16:15:10 +0530 IMDPersistenceAgent[348]: Dropped trigger: delete_associated_messages_after_delete_on_message
2018-08-30 16:15:10 +0530 IMDPersistenceAgent[348]: Dropped trigger: after_delete_on_message
2018-08-30 16:15:10 +0530 IMDPersistenceAgent[348]: Dropped trigger: after_insert_on_chat_message_join
2018-08-30 16:15:10 +0530 IMDPersistenceAgent[348]: Dropped unknown index: chat_message_join_idx_message_id
2018-08-30 16:15:10 +0530 IMDPersistenceAgent[348]: Dropped table (if needed) ok: sqlite_stat1
2018-08-30 16:15:10 +0530 IMDPersistenceAgent[348]: Adding column engram_id to chat succeeded: YES
2018-08-30 16:15:10 +0530 IMDPersistenceAgent[348]: Migrated from 10013 to 11000 ok in 0.003027 seconds
2018-08-30 16:15:10 +0530 IMDPersistenceAgent[348]: Dropped table (if needed) ok: sqlite_stat1
2018-08-30 16:15:10 +0530 IMDPersistenceAgent[348]: Adding column server_change_token to chat succeeded: YES
2018-08-30 16:15:10 +0530 IMDPersistenceAgent[348]: Adding column ck_sync_state to chat succeeded: YES
2018-08-30 16:15:10 +0530 IMDPersistenceAgent[348]: Migrated from 11000 to 11001 ok in 0.000913 seconds
2018-08-30 16:15:10 +0530 IMDPersistenceAgent[348]: Dropped table (if needed) ok: sqlite_stat1
2018-08-30 16:15:10 +0530 IMDPersistenceAgent[348]: Adding column last_read_message_timestamp to chat succeeded: YES
2018-08-30 16:15:10 +0530 IMDPersistenceAgent[348]: Migrated from 11001 to 11002 ok in 0.000524 seconds
2018-08-30 16:15:10 +0530 IMDPersistenceAgent[348]: Dropped table (if needed) ok: sqlite_stat1
2018-08-30 16:15:10 +0530 IMDPersistenceAgent[348]: Migrated from 11002 to 11003 ok in 0.000191 seconds
2018-08-30 16:15:10 +0530 IMDPersistenceAgent[348]: Dropped table (if needed) ok: sqlite_stat1
2018-08-30 16:15:10 +0530 IMDPersistenceAgent[348]: Migrated from 11003 to 11004 ok in 0.000169 seconds
2018-08-30 16:15:10 +0530 IMDPersistenceAgent[348]: Dropped table (if needed) ok: sqlite_stat1
2018-08-30 16:15:10 +0530 IMDPersistenceAgent[348]: Adding column ck_sync_state to message succeeded: YES
2018-08-30 16:15:10 +0530 IMDPersistenceAgent[348]: Adding column ck_record_id to message succeeded: YES
2018-08-30 16:15:10 +0530 IMDPersistenceAgent[348]: Adding column ck_record_change_tag to message succeeded: YES
2018-08-30 16:15:10 +0530 IMDPersistenceAgent[348]: Migrated from 11004 to 11005 ok in 0.001760 seconds
2018-08-30 16:15:10 +0530 IMDPersistenceAgent[348]: Dropped table (if needed) ok: sqlite_stat1
2018-08-30 16:15:10 +0530 IMDPersistenceAgent[348]: Adding column ck_sync_state to attachment succeeded: YES
2018-08-30 16:15:10 +0530 IMDPersistenceAgent[348]: Adding column ck_server_change_token_blob to attachment succeeded: YES
2018-08-30 16:15:10 +0530 IMDPersistenceAgent[348]: Migrated from 11005 to 11006 ok in 0.000774 seconds
2018-08-30 16:15:10 +0530 IMDPersistenceAgent[348]: Dropped table (if needed) ok: sqlite_stat1
2018-08-30 16:15:10 +0530 IMDPersistenceAgent[348]: Migrated from 11006 to 11007 ok in 0.000194 seconds
2018-08-30 16:15:10 +0530 IMDPersistenceAgent[348]: Dropped table (if needed) ok: sqlite_stat1
2018-08-30 16:15:10 +0530 IMDPersistenceAgent[348]: Migrated from 11007 to 11008 ok in 0.000166 seconds
2018-08-30 16:15:10 +0530 IMDPersistenceAgent[348]: Dropped table (if needed) ok: sqlite_stat1
2018-08-30 16:15:10 +0530 IMDPersistenceAgent[348]: Adding column original_group_id to chat succeeded: YES
2018-08-30 16:15:10 +0530 IMDPersistenceAgent[348]: Migrated from 11008 to 11009 ok in 0.000527 seconds
2018-08-30 16:15:10 +0530 IMDPersistenceAgent[348]: Dropped table (if needed) ok: sqlite_stat1
2018-08-30 16:15:10 +0530 IMDPersistenceAgent[348]: Adding column ck_record_id to attachment succeeded: YES
2018-08-30 16:15:10 +0530 IMDPersistenceAgent[348]: Migrated from 11009 to 11010 ok in 0.000477 seconds
2018-08-30 16:15:10 +0530 IMDPersistenceAgent[348]: Dropped table (if needed) ok: sqlite_stat1
2018-08-30 16:15:10 +0530 IMDPersistenceAgent[348]: Adding column message_date to chat_message_join succeeded: YES
2018-08-30 16:15:10 +0530 IMDPersistenceAgent[348]: Migrated from 11010 to 11011 ok in 0.001715 seconds
2018-08-30 16:15:10 +0530 IMDPersistenceAgent[348]: Dropped table (if needed) ok: sqlite_stat1
2018-08-30 16:15:10 +0530 IMDPersistenceAgent[348]: Adding column original_guid to attachment succeeded: YES
2018-08-30 16:15:10 +0530 IMDPersistenceAgent[348]: Migrated from 11011 to 11012 ok in 0.000533 seconds
2018-08-30 16:15:10 +0530 IMDPersistenceAgent[348]: Dropped table (if needed) ok: sqlite_stat1
2018-08-30 16:15:10 +0530 IMDPersistenceAgent[348]: Adding column destination_caller_id to message succeeded: YES
2018-08-30 16:15:10 +0530 IMDPersistenceAgent[348]: Migrated from 11012 to 11013 ok in 0.000833 seconds
2018-08-30 16:15:10 +0530 IMDPersistenceAgent[348]: Dropped table (if needed) ok: sqlite_stat1
2018-08-30 16:15:10 +0530 IMDPersistenceAgent[348]: Migrated from 11013 to 11014 ok in 0.000205 seconds
2018-08-30 16:15:10 +0530 IMDPersistenceAgent[348]: Dropped table (if needed) ok: sqlite_stat1
2018-08-30 16:15:10 +0530 IMDPersistenceAgent[348]: Migrated from 11014 to 11015 ok in 0.000173 seconds
2018-08-30 16:15:10 +0530 IMDPersistenceAgent[348]: Dropped table (if needed) ok: sqlite_stat1
2018-08-30 16:15:10 +0530 IMDPersistenceAgent[348]: Migrated from 11015 to 11016 ok in 0.000223 seconds
2018-08-30 16:15:10 +0530 IMDPersistenceAgent[348]: Dropped table (if needed) ok: sqlite_stat1
2018-08-30 16:15:10 +0530 IMDPersistenceAgent[348]: Migrated from 11016 to 11017 ok in 0.000155 seconds
2018-08-30 16:15:10 +0530 IMDPersistenceAgent[348]: Dropped table (if needed) ok: sqlite_stat1
2018-08-30 16:15:10 +0530 IMDPersistenceAgent[348]: Migrated from 11017 to 11018 ok in 0.000150 seconds
2018-08-30 16:15:10 +0530 IMDPersistenceAgent[348]: Dropped table (if needed) ok: sqlite_stat1
2018-08-30 16:15:10 +0530 IMDPersistenceAgent[348]: Migrated from 11018 to 11019 ok in 0.000148 seconds
2018-08-30 16:15:10 +0530 IMDPersistenceAgent[348]: Dropped table (if needed) ok: sqlite_stat1
2018-08-30 16:15:10 +0530 IMDPersistenceAgent[348]: Adding column sr_server_change_token to chat succeeded: YES
2018-08-30 16:15:10 +0530 IMDPersistenceAgent[348]: Adding column sr_ck_sync_state to chat succeeded: YES
2018-08-30 16:15:10 +0530 IMDPersistenceAgent[348]: Migrated from 11019 to 11020 ok in 0.000834 seconds
2018-08-30 16:15:10 +0530 IMDPersistenceAgent[348]: Dropped table (if needed) ok: sqlite_stat1
2018-08-30 16:15:10 +0530 IMDPersistenceAgent[348]: Adding column sr_ck_sync_state to message succeeded: YES
2018-08-30 16:15:10 +0530 IMDPersistenceAgent[348]: Adding column sr_ck_record_id to message succeeded: YES
2018-08-30 16:15:10 +0530 IMDPersistenceAgent[348]: Adding column sr_ck_record_change_tag to message succeeded: YES
2018-08-30 16:15:10 +0530 IMDPersistenceAgent[348]: Migrated from 11020 to 11021 ok in 0.001942 seconds
2018-08-30 16:15:10 +0530 IMDPersistenceAgent[348]: Dropped table (if needed) ok: sqlite_stat1
2018-08-30 16:15:10 +0530 IMDPersistenceAgent[348]: Adding column sr_ck_record_id to attachment succeeded: YES
2018-08-30 16:15:10 +0530 IMDPersistenceAgent[348]: Adding column sr_ck_sync_state to attachment succeeded: YES
2018-08-30 16:15:10 +0530 IMDPersistenceAgent[348]: Adding column sr_ck_server_change_token_blob to attachment succeeded: YES
2018-08-30 16:15:10 +0530 IMDPersistenceAgent[348]: Migrated from 11021 to 11022 ok in 0.001038 seconds
2018-08-30 16:15:10 +0530 IMDPersistenceAgent[348]: Dropped table (if needed) ok: sqlite_stat1
2018-08-30 16:15:10 +0530 IMDPersistenceAgent[348]: Migrated from 11022 to 11023 ok in 0.000203 seconds
2018-08-30 16:15:10 +0530 IMDPersistenceAgent[348]: Dropped table (if needed) ok: sqlite_stat1
2018-08-30 16:15:10 +0530 IMDPersistenceAgent[348]: Adding column cloudkit_record_id to chat succeeded: YES
2018-08-30 16:15:10 +0530 IMDPersistenceAgent[348]: Adding column sr_cloudkit_record_id to chat succeeded: YES
2018-08-30 16:15:10 +0530 IMDPersistenceAgent[348]: Migrated from 11023 to 11024 ok in 0.004233 seconds
2018-08-30 16:15:10 +0530 IMDPersistenceAgent[348]: Dropped table (if needed) ok: sqlite_stat1
2018-08-30 16:15:10 +0530 IMDPersistenceAgent[348]: Migrated from 11024 to 11025 ok in 0.000229 seconds
2018-08-30 16:15:10 +0530 IMDPersistenceAgent[348]: Dropped table (if needed) ok: sqlite_stat1
2018-08-30 16:15:10 +0530 IMDPersistenceAgent[348]: Migrated from 11025 to 11026 ok in 0.000177 seconds
2018-08-30 16:15:10 +0530 IMDPersistenceAgent[348]: Dropped table (if needed) ok: sqlite_stat1
2018-08-30 16:15:10 +0530 IMDPersistenceAgent[348]: Migrated from 11026 to 11027 ok in 0.000281 seconds
2018-08-30 16:15:10 +0530 IMDPersistenceAgent[348]: Created table (if needed) ok: deleted_messages
2018-08-30 16:15:10 +0530 IMDPersistenceAgent[348]: Created table (if needed) ok: chat_handle_join
2018-08-30 16:15:10 +0530 IMDPersistenceAgent[348]: Created table (if needed) ok: sync_deleted_messages
2018-08-30 16:15:10 +0530 IMDPersistenceAgent[348]: Created table (if needed) ok: message_processing_task
2018-08-30 16:15:10 +0530 IMDPersistenceAgent[348]: Created table (if needed) ok: handle
2018-08-30 16:15:10 +0530 IMDPersistenceAgent[348]: Created table (if needed) ok: sync_deleted_chats
2018-08-30 16:15:10 +0530 IMDPersistenceAgent[348]: Created table (if needed) ok: message_attachment_join
2018-08-30 16:15:10 +0530 IMDPersistenceAgent[348]: Created table (if needed) ok: sync_deleted_attachments
2018-08-30 16:15:10 +0530 IMDPersistenceAgent[348]: Created table (if needed) ok: kvtable
2018-08-30 16:15:10 +0530 IMDPersistenceAgent[348]: Created table (if needed) ok: chat_message_join
2018-08-30 16:15:10 +0530 IMDPersistenceAgent[348]: Created index ok: message_attachment_join_idx_message_id
2018-08-30 16:15:10 +0530 IMDPersistenceAgent[348]: Created index ok: chat_handle_join_idx_handle_id
2018-08-30 16:15:10 +0530 IMDPersistenceAgent[348]: Created index ok: message_attachment_join_idx_attachment_id
2018-08-30 16:15:10 +0530 IMDPersistenceAgent[348]: Created index ok: message_idx_date
2018-08-30 16:15:10 +0530 IMDPersistenceAgent[348]: Created index ok: message_idx_handle
2018-08-30 16:15:10 +0530 IMDPersistenceAgent[348]: Created index ok: message_idx_handle_id
2018-08-30 16:15:10 +0530 IMDPersistenceAgent[348]: Created index ok: chat_message_join_idx_message_id_only
2018-08-30 16:15:10 +0530 IMDPersistenceAgent[348]: Created index ok: message_idx_associated_message
2018-08-30 16:15:10 +0530 IMDPersistenceAgent[348]: Created index ok: chat_idx_chat_identifier
2018-08-30 16:15:10 +0530 IMDPersistenceAgent[348]: Created index ok: message_processing_task_idx_guid_task_flags
2018-08-30 16:15:10 +0530 IMDPersistenceAgent[348]: Created index ok: chat_message_join_idx_chat_id
2018-08-30 16:15:10 +0530 IMDPersistenceAgent[348]: Created index ok: message_idx_cache_has_attachments
2018-08-30 16:15:10 +0530 IMDPersistenceAgent[348]: Created index ok: chat_idx_chat_room_name_service_name
2018-08-30 16:15:10 +0530 IMDPersistenceAgent[348]: Created index ok: message_idx_other_handle
2018-08-30 16:15:10 +0530 IMDPersistenceAgent[348]: Created index ok: chat_message_join_idx_message_id_date_chat_id
2018-08-30 16:15:10 +0530 IMDPersistenceAgent[348]: Created index ok: message_idx_was_downgraded
2018-08-30 16:15:10 +0530 IMDPersistenceAgent[348]: Created index ok: chat_idx_is_archived
2018-08-30 16:15:10 +0530 IMDPersistenceAgent[348]: Created index ok: chat_idx_chat_identifier_service_name
2018-08-30 16:15:10 +0530 IMDPersistenceAgent[348]: Created index ok: message_idx_expire_state
2018-08-30 16:15:10 +0530 IMDPersistenceAgent[348]: Created index ok: message_idx_is_read
2018-08-30 16:15:10 +0530 IMDPersistenceAgent[348]: Created index ok: message_idx_failed
2018-08-30 16:15:10 +0530 IMDPersistenceAgent[348]: Created index ok: message_idx_isRead_isFromMe_itemType
2018-08-30 16:15:10 +0530 IMDPersistenceAgent[348]: Created trigger ok: after_delete_on_chat_message_join, trigger: CREATE TRIGGER IF NOT EXISTS after_delete_on_chat_message_join AFTER DELETE ON chat_message_join BEGIN     UPDATE message       SET cache_roomnames = (         SELECT group_concat(c.room_name)         FROM chat c         INNER JOIN chat_message_join j ON c.ROWID = j.chat_id         WHERE           j.message_id = OLD.message_id       )       WHERE         message.ROWID = OLD.message_id;  DELETE FROM message WHERE message.ROWID = OLD.message_id AND OLD.message_id NOT IN (SELECT chat_message_join.message_id from chat_message_join WHERE chat_message_join.message_id = OLD.message_id LIMIT 1); END
2018-08-30 16:15:10 +0530 IMDPersistenceAgent[348]: Created trigger ok: after_delete_on_attachment, trigger: CREATE TRIGGER IF NOT EXISTS after_delete_on_attachment AFTER DELETE ON attachment BEGIN   SELECT delete_attachment_path(OLD.filename); END
2018-08-30 16:15:10 +0530 IMDPersistenceAgent[348]: Created trigger ok: after_insert_on_message_attachment_join, trigger: CREATE TRIGGER IF NOT EXISTS after_insert_on_message_attachment_join AFTER INSERT ON message_attachment_join BEGIN     UPDATE message       SET cache_has_attachments = 1     WHERE       message.ROWID = NEW.message_id; END
2018-08-30 16:15:10 +0530 IMDPersistenceAgent[348]: Created trigger ok: after_delete_on_chat_handle_join, trigger: CREATE TRIGGER IF NOT EXISTS after_delete_on_chat_handle_join AFTER DELETE ON chat_handle_join BEGIN     DELETE FROM handle         WHERE handle.ROWID = OLD.handle_id     AND         (SELECT 1 from chat_handle_join WHERE handle_id = OLD.handle_id LIMIT 1) IS NULL     AND         (SELECT 1 from message WHERE handle_id = OLD.handle_id LIMIT 1) IS NULL     AND         (SELECT 1 from message WHERE other_handle = OLD.handle_id LIMIT 1) IS NULL; END
2018-08-30 16:15:10 +0530 IMDPersistenceAgent[348]: Created trigger ok: after_insert_on_chat_message_join , trigger: CREATE TRIGGER IF NOT EXISTS after_insert_on_chat_message_join  AFTER INSERT ON chat_message_join BEGIN     UPDATE message       SET cache_roomnames = (         SELECT group_concat(c.room_name)         FROM chat c         INNER JOIN chat_message_join j ON c.ROWID = j.chat_id         WHERE           j.message_id = NEW.message_id       )       WHERE         message.ROWID = NEW.message_id; END
2018-08-30 16:15:10 +0530 IMDPersistenceAgent[348]: Created trigger ok: after_delete_on_message, trigger: CREATE TRIGGER IF NOT EXISTS after_delete_on_message AFTER DELETE ON message BEGIN     DELETE FROM handle         WHERE handle.ROWID = OLD.handle_id     AND         (SELECT 1 from chat_handle_join WHERE handle_id = OLD.handle_id LIMIT 1) IS NULL     AND         (SELECT 1 from message WHERE handle_id = OLD.handle_id LIMIT 1) IS NULL     AND         (SELECT 1 from message WHERE other_handle = OLD.handle_id LIMIT 1) IS NULL; END
2018-08-30 16:15:10 +0530 IMDPersistenceAgent[348]: Created trigger ok: update_message_date_after_update_on_message, trigger: CREATE TRIGGER IF NOT EXISTS update_message_date_after_update_on_message AFTER UPDATE OF date ON message BEGIN UPDATE chat_message_join SET message_date = NEW.date WHERE message_id = NEW.ROWID AND message_date != NEW.date; END
2018-08-30 16:15:10 +0530 IMDPersistenceAgent[348]: Created trigger ok: add_to_sync_deleted_messages, trigger: CREATE TRIGGER IF NOT EXISTS add_to_sync_deleted_messages AFTER DELETE ON message BEGIN     INSERT INTO sync_deleted_messages (guid, recordID) VALUES (OLD.guid, OLD.ck_record_id); END
2018-08-30 16:15:10 +0530 IMDPersistenceAgent[348]: Created trigger ok: after_delete_on_chat, trigger: CREATE TRIGGER IF NOT EXISTS after_delete_on_chat AFTER DELETE ON chat BEGIN DELETE FROM chat_message_join WHERE chat_id = OLD.ROWID; END
2018-08-30 16:15:10 +0530 IMDPersistenceAgent[348]: Created trigger ok: delete_associated_messages_after_delete_on_message, trigger: CREATE TRIGGER IF NOT EXISTS delete_associated_messages_after_delete_on_message AFTER DELETE ON message BEGIN DELETE FROM message WHERE (OLD.associated_message_guid IS NULL AND associated_message_guid IS NOT NULL AND guid = OLD.associated_message_guid); END
2018-08-30 16:15:10 +0530 IMDPersistenceAgent[348]: Created trigger ok: before_delete_on_attachment, trigger: CREATE TRIGGER IF NOT EXISTS before_delete_on_attachment BEFORE DELETE ON attachment BEGIN   SELECT before_delete_attachment_path(OLD.ROWID, OLD.guid); END
2018-08-30 16:15:10 +0530 IMDPersistenceAgent[348]: Created trigger ok: add_to_sync_deleted_attachments, trigger: CREATE TRIGGER IF NOT EXISTS add_to_sync_deleted_attachments AFTER DELETE ON attachment BEGIN     INSERT INTO sync_deleted_attachments (guid, recordID) VALUES (OLD.guid, OLD.ck_record_id); END
2018-08-30 16:15:10 +0530 IMDPersistenceAgent[348]: Created trigger ok: add_to_deleted_messages, trigger: CREATE TRIGGER IF NOT EXISTS add_to_deleted_messages AFTER DELETE ON message BEGIN     INSERT INTO deleted_messages (guid) VALUES (OLD.guid); END
2018-08-30 16:15:10 +0530 IMDPersistenceAgent[348]: Created trigger ok: after_delete_on_message_attachment_join, trigger: CREATE TRIGGER IF NOT EXISTS after_delete_on_message_attachment_join AFTER DELETE ON message_attachment_join BEGIN     DELETE FROM attachment         WHERE attachment.ROWID = OLD.attachment_id     AND         (SELECT 1 from message_attachment_join WHERE attachment_id = OLD.attachment_id LIMIT 1) IS NULL; END
2018-08-30 16:15:10 +0530 IMDPersistenceAgent[348]: Integrity checked success
2018-08-30 16:15:10 +0530 IMDPersistenceAgent[348]: Message database migration passed post migrate integrity check
2018-08-30 16:15:10 +0530 IMDPersistenceAgent[348]: Message's DB migration took 0.042838 seconds.
